#
# There is insufficient memory for the Java Runtime Environment to continue.
# Native memory allocation (malloc) failed to allocate 1048576 bytes. Error detail: AllocateHeap
# Possible reasons:
#   The system is out of physical RAM or swap space
#   This process is running with CompressedOops enabled, and the Java Heap may be blocking the growth of the native heap
# Possible solutions:
#   Reduce memory load on the system
#   Increase physical memory or swap space
#   Check if swap backing store is full
#   Decrease Java heap size (-Xmx/-Xms)
#   Decrease number of Java threads
#   Decrease Java thread stack sizes (-Xss)
#   Set larger code cache with -XX:ReservedCodeCacheSize=
#   JVM is running with Unscaled Compressed Oops mode in which the Java heap is
#     placed in the first 4GB address space. The Java Heap base address is the
#     maximum limit for the native heap growth. Please use -XX:HeapBaseMinAddress
#     to set the Java Heap base and to place the Java Heap above 4GB virtual address.
# This output file may be truncated or incomplete.
#
#  Out of Memory Error (allocation.cpp:44), pid=15692, tid=42892
#
# JRE version: OpenJDK Runtime Environment Temurin-21.0.10+7 (21.0.10+7) (build 21.0.10+7-LTS)
# Java VM: OpenJDK 64-Bit Server VM Temurin-21.0.10+7 (21.0.10+7-LTS, mixed mode, sharing, tiered, compressed oops, compressed class ptrs, parallel gc, windows-amd64)
# No core dump will be written. Minidumps are not enabled by default on client versions of Windows
#

---------------  S U M M A R Y ------------

Command Line: --add-modules=ALL-SYSTEM --add-opens=java.base/java.util=ALL-UNNAMED --add-opens=java.base/java.lang=ALL-UNNAMED --add-opens=java.base/sun.nio.fs=ALL-UNNAMED -Declipse.application=org.eclipse.jdt.ls.core.id1 -Dosgi.bundles.defaultStartLevel=4 -Declipse.product=org.eclipse.jdt.ls.core.product -Djava.import.generatesMetadataFilesAtProjectRoot=false -DDetectVMInstallationsJob.disabled=true -Dfile.encoding=utf8 -XX:+UseParallelGC -XX:GCTimeRatio=4 -XX:AdaptiveSizePolicyWeight=90 -Dsun.zip.disableMemoryMapping=true -Xmx2G -Xms100m -Xlog:disable -javaagent:c:\Users\hhamz\.antigravity\extensions\redhat.java-1.53.0-win32-x64\lombok\lombok-1.18.39-4050.jar -XX:+HeapDumpOnOutOfMemoryError -XX:HeapDumpPath=c:\Users\hhamz\AppData\Roaming\Antigravity\User\workspaceStorage\92ca1c81778050ce67e931c1101cb69e\redhat.java -Daether.dependencyCollector.impl=bf c:\Users\hhamz\.antigravity\extensions\redhat.java-1.53.0-win32-x64\server\plugins\org.eclipse.equinox.launcher_1.7.100.v20251111-0406.jar -configuration c:\Users\hhamz\AppData\Roaming\Antigravity\User\globalStorage\redhat.java\1.53.0\config_win -data c:\Users\hhamz\AppData\Roaming\Antigravity\User\workspaceStorage\92ca1c81778050ce67e931c1101cb69e\redhat.java\jdt_ws --pipe=\\.\pipe\lsp-48b10f6dc94f1a785e8accdc8ab7b910-sock

Host: 12th Gen Intel(R) Core(TM) i7-12700H, 20 cores, 15G,  Windows 11 , 64 bit Build 26100 (10.0.26100.7920)
Time: Wed Mar 25 07:19:31 2026 Morocco Daylight Time elapsed time: 106097.238946 seconds (1d 5h 28m 17s)

---------------  T H R E A D  ---------------

Current thread (0x00000237557e0f30):  JavaThread "Attach Listener" daemon [_thread_in_vm, id=42892, stack(0x0000004a0c400000,0x0000004a0c500000) (1024K)]

Stack: [0x0000004a0c400000,0x0000004a0c500000]
Native frames: (J=compiled Java code, j=interpreted, Vv=VM code, C=native code)
V  [jvm.dll+0x6d7a39]
V  [jvm.dll+0x8b4b26]
V  [jvm.dll+0x8b70de]
V  [jvm.dll+0x8b77c3]
V  [jvm.dll+0x284346]
V  [jvm.dll+0xc1277]
V  [jvm.dll+0x6d82e9]
V  [jvm.dll+0x1334a6]
V  [jvm.dll+0x3f857e]
V  [jvm.dll+0x85f59d]
V  [jvm.dll+0x6d626d]
C  [ucrtbase.dll+0x37b0]
C  [KERNEL32.DLL+0x2e8d7]
C  [ntdll.dll+0x8c48c]


---------------  P R O C E S S  ---------------

Threads class SMR info:
_java_thread_list=0x000002377a1fd0f0, length=53, elements={
0x000002375333bde0, 0x00000237556de730, 0x00000237557d5680, 0x00000237557db530,
0x00000237557e0f30, 0x00000237557e49a0, 0x000002376d526fa0, 0x00000237557e9a90,
0x000002376d530800, 0x000002376d78bef0, 0x000002376f47d310, 0x00000237740d2cf0,
0x00000237744ea210, 0x000002376fb94970, 0x000002376fb9a800, 0x0000023774d05010,
0x000002377489ce60, 0x00000237743ad980, 0x0000023774bae860, 0x0000023774bad4b0,
0x0000023774bb02a0, 0x0000023774bafc10, 0x0000023774badb40, 0x0000023775c3d7e0,
0x0000023775c3d150, 0x0000023775c3cac0, 0x0000023775c3de70, 0x0000023775c3e500,
0x0000023775c3f220, 0x0000023775c3eb90, 0x0000023775c3bda0, 0x0000023775c3f8b0,
0x0000023775c3c430, 0x0000023775c433c0, 0x0000023775c426a0, 0x0000023775c40c60,
0x0000023775c42010, 0x0000023775c42d30, 0x0000023775c3ff40, 0x0000023775c412f0,
0x0000023775c405d0, 0x0000023775c41980, 0x0000023775eaf8d0, 0x0000023775eb05f0,
0x00000237782d1bf0, 0x00000237779aa750, 0x00000237779a93a0, 0x00000237779aa0c0,
0x00000237779af610, 0x00000237782d4350, 0x00000237782d1560, 0x00000237782d49e0,
0x00000237782d2fa0
}

Java Threads: ( => current thread )
  0x000002375333bde0 JavaThread "main"                              [_thread_blocked, id=15664, stack(0x0000004a0bd00000,0x0000004a0be00000) (1024K)]
  0x00000237556de730 JavaThread "Reference Handler"          daemon [_thread_blocked, id=36888, stack(0x0000004a0c100000,0x0000004a0c200000) (1024K)]
  0x00000237557d5680 JavaThread "Finalizer"                  daemon [_thread_blocked, id=27976, stack(0x0000004a0c200000,0x0000004a0c300000) (1024K)]
  0x00000237557db530 JavaThread "Signal Dispatcher"          daemon [_thread_blocked, id=31368, stack(0x0000004a0c300000,0x0000004a0c400000) (1024K)]
=>0x00000237557e0f30 JavaThread "Attach Listener"            daemon [_thread_in_vm, id=42892, stack(0x0000004a0c400000,0x0000004a0c500000) (1024K)]
  0x00000237557e49a0 JavaThread "Service Thread"             daemon [_thread_blocked, id=40952, stack(0x0000004a0c500000,0x0000004a0c600000) (1024K)]
  0x000002376d526fa0 JavaThread "Monitor Deflation Thread"   daemon [_thread_blocked, id=8436, stack(0x0000004a0c600000,0x0000004a0c700000) (1024K)]
  0x00000237557e9a90 JavaThread "C2 CompilerThread0"         daemon [_thread_blocked, id=18588, stack(0x0000004a0c700000,0x0000004a0c800000) (1024K)]
  0x000002376d530800 JavaThread "C1 CompilerThread0"         daemon [_thread_blocked, id=24900, stack(0x0000004a0c800000,0x0000004a0c900000) (1024K)]
  0x000002376d78bef0 JavaThread "Common-Cleaner"             daemon [_thread_blocked, id=44676, stack(0x0000004a0ce00000,0x0000004a0cf00000) (1024K)]
  0x000002376f47d310 JavaThread "Notification Thread"        daemon [_thread_blocked, id=34348, stack(0x0000004a0cf00000,0x0000004a0d000000) (1024K)]
  0x00000237740d2cf0 JavaThread "Active Thread: Equinox Container: dbacfb38-74df-49f9-af35-f2af317d5bf7"        [_thread_blocked, id=19820, stack(0x0000004a0d800000,0x0000004a0d900000) (1024K)]
  0x00000237744ea210 JavaThread "Refresh Thread: Equinox Container: dbacfb38-74df-49f9-af35-f2af317d5bf7" daemon [_thread_blocked, id=35132, stack(0x0000004a0da00000,0x0000004a0db00000) (1024K)]
  0x000002376fb94970 JavaThread "Framework Event Dispatcher: Equinox Container: dbacfb38-74df-49f9-af35-f2af317d5bf7" daemon [_thread_blocked, id=43812, stack(0x0000004a0db00000,0x0000004a0dc00000) (1024K)]
  0x000002376fb9a800 JavaThread "Start Level: Equinox Container: dbacfb38-74df-49f9-af35-f2af317d5bf7" daemon [_thread_blocked, id=48336, stack(0x0000004a0dc00000,0x0000004a0dd00000) (1024K)]
  0x0000023774d05010 JavaThread "Bundle File Closer"         daemon [_thread_blocked, id=29208, stack(0x0000004a0e000000,0x0000004a0e100000) (1024K)]
  0x000002377489ce60 JavaThread "SCR Component Actor"        daemon [_thread_blocked, id=23216, stack(0x0000004a0e100000,0x0000004a0e200000) (1024K)]
  0x00000237743ad980 JavaThread "Worker-JM"                         [_thread_blocked, id=15496, stack(0x0000004a0d700000,0x0000004a0d800000) (1024K)]
  0x0000023774bae860 JavaThread "JNA Cleaner"                daemon [_thread_blocked, id=21740, stack(0x0000004a0e400000,0x0000004a0e500000) (1024K)]
  0x0000023774bad4b0 JavaThread "Java indexing"              daemon [_thread_blocked, id=40660, stack(0x0000004a0ea00000,0x0000004a0eb00000) (1024K)]
  0x0000023774bb02a0 JavaThread "Thread-1"                   daemon [_thread_in_native, id=552, stack(0x0000004a0ef00000,0x0000004a0f000000) (1024K)]
  0x0000023774bafc10 JavaThread "Thread-2"                   daemon [_thread_in_native, id=2912, stack(0x0000004a0f000000,0x0000004a0f100000) (1024K)]
  0x0000023774badb40 JavaThread "Thread-3"                   daemon [_thread_in_native, id=43632, stack(0x0000004a0f100000,0x0000004a0f200000) (1024K)]
  0x0000023775c3d7e0 JavaThread "Thread-4"                   daemon [_thread_in_native, id=47764, stack(0x0000004a0f200000,0x0000004a0f300000) (1024K)]
  0x0000023775c3d150 JavaThread "Thread-5"                   daemon [_thread_in_native, id=40204, stack(0x0000004a0f300000,0x0000004a0f400000) (1024K)]
  0x0000023775c3cac0 JavaThread "Thread-6"                   daemon [_thread_in_native, id=37944, stack(0x0000004a0f400000,0x0000004a0f500000) (1024K)]
  0x0000023775c3de70 JavaThread "Thread-7"                   daemon [_thread_in_native, id=5816, stack(0x0000004a0f500000,0x0000004a0f600000) (1024K)]
  0x0000023775c3e500 JavaThread "Thread-8"                   daemon [_thread_in_native, id=26232, stack(0x0000004a0f600000,0x0000004a0f700000) (1024K)]
  0x0000023775c3f220 JavaThread "Thread-9"                   daemon [_thread_in_native, id=1656, stack(0x0000004a0f700000,0x0000004a0f800000) (1024K)]
  0x0000023775c3eb90 JavaThread "Thread-10"                  daemon [_thread_in_native, id=4424, stack(0x0000004a0f800000,0x0000004a0f900000) (1024K)]
  0x0000023775c3bda0 JavaThread "Thread-11"                  daemon [_thread_in_native, id=12500, stack(0x0000004a0f900000,0x0000004a0fa00000) (1024K)]
  0x0000023775c3f8b0 JavaThread "Thread-12"                  daemon [_thread_in_native, id=32172, stack(0x0000004a0fa00000,0x0000004a0fb00000) (1024K)]
  0x0000023775c3c430 JavaThread "Thread-13"                  daemon [_thread_in_native, id=18184, stack(0x0000004a0fb00000,0x0000004a0fc00000) (1024K)]
  0x0000023775c433c0 JavaThread "Thread-14"                  daemon [_thread_in_native, id=29516, stack(0x0000004a0fc00000,0x0000004a0fd00000) (1024K)]
  0x0000023775c426a0 JavaThread "Thread-15"                  daemon [_thread_in_native, id=29172, stack(0x0000004a0fd00000,0x0000004a0fe00000) (1024K)]
  0x0000023775c40c60 JavaThread "Thread-16"                  daemon [_thread_in_native, id=11580, stack(0x0000004a0fe00000,0x0000004a0ff00000) (1024K)]
  0x0000023775c42010 JavaThread "Thread-17"                  daemon [_thread_in_native, id=29100, stack(0x0000004a0ff00000,0x0000004a10000000) (1024K)]
  0x0000023775c42d30 JavaThread "Thread-18"                  daemon [_thread_in_native, id=13084, stack(0x0000004a10000000,0x0000004a10100000) (1024K)]
  0x0000023775c3ff40 JavaThread "Thread-19"                  daemon [_thread_in_native, id=41780, stack(0x0000004a10100000,0x0000004a10200000) (1024K)]
  0x0000023775c412f0 JavaThread "Thread-20"                  daemon [_thread_in_native, id=27244, stack(0x0000004a10200000,0x0000004a10300000) (1024K)]
  0x0000023775c405d0 JavaThread "Thread-21"                  daemon [_thread_in_native, id=31136, stack(0x0000004a10300000,0x0000004a10400000) (1024K)]
  0x0000023775c41980 JavaThread "pool-2-thread-1"                   [_thread_blocked, id=25104, stack(0x0000004a10400000,0x0000004a10500000) (1024K)]
  0x0000023775eaf8d0 JavaThread "WorkspaceEventsHandler"            [_thread_blocked, id=13152, stack(0x0000004a10800000,0x0000004a10900000) (1024K)]
  0x0000023775eb05f0 JavaThread "pool-1-thread-1"                   [_thread_blocked, id=47760, stack(0x0000004a10900000,0x0000004a10a00000) (1024K)]
  0x00000237782d1bf0 JavaThread "Worker-33"                         [_thread_blocked, id=29768, stack(0x0000004a0bc00000,0x0000004a0bd00000) (1024K)]
  0x00000237779aa750 JavaThread "Worker-36"                         [_thread_blocked, id=5760, stack(0x0000004a10500000,0x0000004a10600000) (1024K)]
  0x00000237779a93a0 JavaThread "ForkJoinPool.commonPool-worker-21" daemon [_thread_blocked, id=4956, stack(0x0000004a0bb00000,0x0000004a0bc00000) (1024K)]
  0x00000237779aa0c0 JavaThread "ForkJoinPool.commonPool-worker-22" daemon [_thread_blocked, id=11500, stack(0x0000004a0c900000,0x0000004a0ca00000) (1024K)]
  0x00000237779af610 JavaThread "ForkJoinPool.commonPool-worker-24" daemon [_thread_blocked, id=51960, stack(0x0000004a0cb00000,0x0000004a0cc00000) (1024K)]
  0x00000237782d4350 JavaThread "ForkJoinPool.commonPool-worker-26" daemon [_thread_blocked, id=23232, stack(0x0000004a0cd00000,0x0000004a0ce00000) (1024K)]
  0x00000237782d1560 JavaThread "ForkJoinPool.commonPool-worker-27" daemon [_thread_blocked, id=20132, stack(0x0000004a0d600000,0x0000004a0d700000) (1024K)]
  0x00000237782d49e0 JavaThread "ForkJoinPool.commonPool-worker-28" daemon [_thread_blocked, id=26896, stack(0x0000004a0e500000,0x0000004a0e600000) (1024K)]
  0x00000237782d2fa0 JavaThread "Cleaner-0"                  daemon [_thread_blocked, id=46016, stack(0x0000004a0e700000,0x0000004a0e800000) (1024K)]
Total: 53

Other Threads:
  0x00000237556c4930 VMThread "VM Thread"                           [id=8376, stack(0x0000004a0c000000,0x0000004a0c100000) (1024K)]
  0x00000237557a7010 WatcherThread "VM Periodic Task Thread"        [id=13368, stack(0x0000004a0bf00000,0x0000004a0c000000) (1024K)]
  0x0000023755754a90 WorkerThread "GC Thread#0"                     [id=41380, stack(0x0000004a0be00000,0x0000004a0bf00000) (1024K)]
  0x000002376fbc2b60 WorkerThread "GC Thread#1"                     [id=48088, stack(0x0000004a0d000000,0x0000004a0d100000) (1024K)]
  0x000002376fa12c70 WorkerThread "GC Thread#2"                     [id=21560, stack(0x0000004a0d100000,0x0000004a0d200000) (1024K)]
  0x000002376fa13020 WorkerThread "GC Thread#3"                     [id=15036, stack(0x0000004a0d200000,0x0000004a0d300000) (1024K)]
  0x000002376f7e6500 WorkerThread "GC Thread#4"                     [id=9364, stack(0x0000004a0d300000,0x0000004a0d400000) (1024K)]
  0x00000237740d9480 WorkerThread "GC Thread#5"                     [id=45376, stack(0x0000004a0d400000,0x0000004a0d500000) (1024K)]
  0x00000237740d9e40 WorkerThread "GC Thread#6"                     [id=23960, stack(0x0000004a0d500000,0x0000004a0d600000) (1024K)]
  0x000002376fa7a220 WorkerThread "GC Thread#7"                     [id=2988, stack(0x0000004a0d900000,0x0000004a0da00000) (1024K)]
  0x000002376fa78c00 WorkerThread "GC Thread#8"                     [id=47928, stack(0x0000004a0dd00000,0x0000004a0de00000) (1024K)]
  0x000002376fa7a5d0 WorkerThread "GC Thread#9"                     [id=7560, stack(0x0000004a0de00000,0x0000004a0df00000) (1024K)]
  0x000002376fa79360 WorkerThread "GC Thread#10"                    [id=31964, stack(0x0000004a0df00000,0x0000004a0e000000) (1024K)]
  0x000002376fa79710 WorkerThread "GC Thread#11"                    [id=46384, stack(0x0000004a0e200000,0x0000004a0e300000) (1024K)]
  0x0000023774b724c0 WorkerThread "GC Thread#12"                    [id=24980, stack(0x0000004a0e300000,0x0000004a0e400000) (1024K)]
  0x0000023774b72c20 WorkerThread "GC Thread#13"                    [id=24012, stack(0x0000004a0e800000,0x0000004a0e900000) (1024K)]
  0x0000023774b72110 WorkerThread "GC Thread#14"                    [id=44956, stack(0x0000004a0e900000,0x0000004a0ea00000) (1024K)]
Total: 17

Threads with active compile tasks:
Total: 0

VM state: not at safepoint (normal execution)

VM Mutex/Monitor currently owned by a thread: None

Heap address: 0x0000000080000000, size: 2048 MB, Compressed Oops mode: 32-bit

CDS archive(s) mapped at: [0x0000023700000000-0x0000023700ba0000-0x0000023700ba0000), size 12189696, SharedBaseAddress: 0x0000023700000000, ArchiveRelocationMode: 1.
Compressed class space mapped at: 0x0000023701000000-0x0000023741000000, reserved size: 1073741824
Narrow klass base: 0x0000023700000000, Narrow klass shift: 0, Narrow klass range: 0x100000000

GC Precious Log:
 CardTable entry size: 512
 CPUs: 20 total, 20 available
 Memory: 16051M
 Large Page Support: Disabled
 NUMA Support: Disabled
 Compressed Oops: Enabled (32-bit)
 Alignments: Space 512K, Generation 512K, Heap 2M
 Heap Min Capacity: 100M
 Heap Initial Capacity: 100M
 Heap Max Capacity: 2G
 Pre-touch: Disabled
 Parallel Workers: 15

Heap:
 PSYoungGen      total 16896K, used 15715K [0x00000000d5580000, 0x00000000d6980000, 0x0000000100000000)
  eden space 15360K, 92% used [0x00000000d5580000,0x00000000d6370e78,0x00000000d6480000)
  from space 1536K, 93% used [0x00000000d6480000,0x00000000d65e8000,0x00000000d6600000)
  to   space 2560K, 0% used [0x00000000d6700000,0x00000000d6700000,0x00000000d6980000)
 ParOldGen       total 1388544K, used 1388516K [0x0000000080000000, 0x00000000d4c00000, 0x00000000d5580000)
  object space 1388544K, 99% used [0x0000000080000000,0x00000000d4bf9270,0x00000000d4c00000)
 Metaspace       used 82018K, committed 83456K, reserved 1179648K
  class space    used 8082K, committed 8768K, reserved 1048576K

Card table byte_map: [0x00000237550d0000,0x00000237554e0000] _byte_map_base: 0x0000023754cd0000

Marking Bits: (ParMarkBitMap*) 0x00007ffc06ea3450
 Begin Bits: [0x0000023767be0000, 0x0000023769be0000)
 End Bits:   [0x0000023769be0000, 0x000002376bbe0000)

Polling page: 0x00000237532a0000

Metaspace:

Usage:
  Non-class:     72.20 MB used.
      Class:      7.89 MB used.
       Both:     80.10 MB used.

Virtual space:
  Non-class space:      128.00 MB reserved,      72.94 MB ( 57%) committed,  2 nodes.
      Class space:        1.00 GB reserved,       8.56 MB ( <1%) committed,  1 nodes.
             Both:        1.12 GB reserved,      81.50 MB (  7%) committed. 

Chunk freelists:
   Non-Class:  6.12 MB
       Class:  7.48 MB
        Both:  13.61 MB

MaxMetaspaceSize: unlimited
CompressedClassSpaceSize: 1.00 GB
Initial GC threshold: 21.00 MB
Current GC threshold: 130.12 MB
CDS: on
 - commit_granule_bytes: 65536.
 - commit_granule_words: 8192.
 - virtual_space_node_default_size: 8388608.
 - enlarge_chunks_in_place: 1.
 - use_allocation_guard: 0.


Internal statistics:

num_allocs_failed_limit: 9.
num_arena_births: 1784.
num_arena_deaths: 596.
num_vsnodes_births: 3.
num_vsnodes_deaths: 0.
num_space_committed: 1304.
num_space_uncommitted: 0.
num_chunks_returned_to_freelist: 748.
num_chunks_taken_from_freelist: 5901.
num_chunk_merges: 219.
num_chunk_splits: 3293.
num_chunks_enlarged: 1837.
num_inconsistent_stats: 0.

CodeHeap 'non-profiled nmethods': size=119168Kb used=23708Kb max_used=23708Kb free=95459Kb
 bounds [0x00000237604d0000, 0x0000023761c00000, 0x0000023767930000]
CodeHeap 'profiled nmethods': size=119104Kb used=45326Kb max_used=48602Kb free=73777Kb
 bounds [0x0000023758930000, 0x000002375b8b0000, 0x000002375fd80000]
CodeHeap 'non-nmethods': size=7488Kb used=1514Kb max_used=3274Kb free=5973Kb
 bounds [0x000002375fd80000, 0x00000237600d0000, 0x00000237604d0000]
CodeCache: size=245760Kb, used=70548Kb, max_used=75584Kb, free=175209Kb
 total_blobs=19493, nmethods=18661, adapters=733, full_count=0
Compilation: enabled, stopped_count=0, restarted_count=0

Compilation events (20 events):
Event: 105885.370 Thread 0x00000237557e9a90 23078       4       org.eclipse.jdt.internal.corext.dom.GenericVisitor::endVisitNode (1 bytes)
Event: 105885.370 Thread 0x00000237557e9a90 nmethod 23078 0x0000023761bca690 code [0x0000023761bca820, 0x0000023761bca8a8]
Event: 105885.370 Thread 0x00000237557e9a90 23096 %     4       org.lombokweb.asm.ClassReader::readCode @ 1738 (5117 bytes)
Event: 105885.397 Thread 0x000002377637e480 nmethod 23085 0x0000023761bca990 code [0x0000023761bcaca0, 0x0000023761bcc678]
Event: 105885.397 Thread 0x000002377637f220 nmethod 23100 0x0000023761bcd510 code [0x0000023761bcd880, 0x0000023761bcf3e8]
Event: 105885.397 Thread 0x000002377637e480 23110   !   4       com.google.gson.Gson::getAdapter (267 bytes)
Event: 105885.399 Thread 0x000002377637ffc0 nmethod 23098 0x0000023761bd0810 code [0x0000023761bd0b80, 0x0000023761bd2540]
Event: 105885.400 Thread 0x000002377637ae00 nmethod 23067 0x0000023761bd3910 code [0x0000023761bd3e40, 0x0000023761bd72c0]
Event: 105885.484 Thread 0x000002377637e480 nmethod 23110 0x0000023761bd9690 code [0x0000023761bda0c0, 0x0000023761bdf240]
Event: 105885.755 Thread 0x00000237557e9a90 nmethod 23096% 0x0000023761be3210 code [0x0000023761be3a60, 0x0000023761bef678]
Event: 105927.508 Thread 0x000002376d530800 23111   !   3       java.nio.HeapCharBuffer::toString (30 bytes)
Event: 105927.509 Thread 0x000002376d530800 nmethod 23111 0x000002375a843d10 code [0x000002375a843ee0, 0x000002375a844180]
Event: 105927.515 Thread 0x000002376d530800 23112       1       org.eclipse.lsp4j.FileEvent::getUri (5 bytes)
Event: 105927.515 Thread 0x000002376d530800 nmethod 23112 0x0000023761bf7010 code [0x0000023761bf71a0, 0x0000023761bf7268]
Event: 105927.516 Thread 0x000002376d530800 23113   !   3       org.eclipse.jdt.ls.core.internal.JDTUtils::toURI (64 bytes)
Event: 105927.519 Thread 0x000002376d530800 nmethod 23113 0x0000023759447c90 code [0x0000023759447fc0, 0x0000023759448ea8]
Event: 105953.110 Thread 0x000002376d530800 23114   !   3       java.util.concurrent.ThreadPoolExecutor::getTask (177 bytes)
Event: 105953.113 Thread 0x000002376d530800 nmethod 23114 0x000002375a4b0d90 code [0x000002375a4b1040, 0x000002375a4b1e70]
Event: 105990.978 Thread 0x000002376d530800 23115   !   3       org.eclipse.jdt.ls.core.internal.JDTUtils::findResource (315 bytes)
Event: 105990.982 Thread 0x000002376d530800 nmethod 23115 0x0000023758ca7590 code [0x0000023758ca7aa0, 0x0000023758ca9e30]

GC Heap History (20 events):
Event: 105126.924 GC heap before
{Heap before GC invocations=1314 (full 5):
 PSYoungGen      total 19968K, used 19920K [0x00000000d5580000, 0x00000000d6b00000, 0x0000000100000000)
  eden space 18944K, 99% used [0x00000000d5580000,0x00000000d67fffd0,0x00000000d6800000)
  from space 1024K, 95% used [0x00000000d6880000,0x00000000d6974030,0x00000000d6980000)
  to   space 1536K, 0% used [0x00000000d6980000,0x00000000d6980000,0x00000000d6b00000)
 ParOldGen       total 1373696K, used 1373412K [0x0000000080000000, 0x00000000d3d80000, 0x00000000d5580000)
  object space 1373696K, 99% used [0x0000000080000000,0x00000000d3d393f8,0x00000000d3d80000)
 Metaspace       used 79413K, committed 81024K, reserved 1179648K
  class space    used 7844K, committed 8640K, reserved 1048576K
}
Event: 105126.927 GC heap after
{Heap after GC invocations=1314 (full 5):
 PSYoungGen      total 18944K, used 1508K [0x00000000d5580000, 0x00000000d6e00000, 0x0000000100000000)
  eden space 17408K, 0% used [0x00000000d5580000,0x00000000d5580000,0x00000000d6680000)
  from space 1536K, 98% used [0x00000000d6980000,0x00000000d6af93b0,0x00000000d6b00000)
  to   space 3072K, 0% used [0x00000000d6680000,0x00000000d6680000,0x00000000d6980000)
 ParOldGen       total 1374720K, used 1374454K [0x0000000080000000, 0x00000000d3e80000, 0x00000000d5580000)
  object space 1374720K, 99% used [0x0000000080000000,0x00000000d3e3dbd8,0x00000000d3e80000)
 Metaspace       used 79413K, committed 81024K, reserved 1179648K
  class space    used 7844K, committed 8640K, reserved 1048576K
}
Event: 105126.945 GC heap before
{Heap before GC invocations=1315 (full 5):
 PSYoungGen      total 18944K, used 18916K [0x00000000d5580000, 0x00000000d6e00000, 0x0000000100000000)
  eden space 17408K, 100% used [0x00000000d5580000,0x00000000d6680000,0x00000000d6680000)
  from space 1536K, 98% used [0x00000000d6980000,0x00000000d6af93b0,0x00000000d6b00000)
  to   space 3072K, 0% used [0x00000000d6680000,0x00000000d6680000,0x00000000d6980000)
 ParOldGen       total 1374720K, used 1374454K [0x0000000080000000, 0x00000000d3e80000, 0x00000000d5580000)
  object space 1374720K, 99% used [0x0000000080000000,0x00000000d3e3dbd8,0x00000000d3e80000)
 Metaspace       used 79415K, committed 81024K, reserved 1179648K
  class space    used 7844K, committed 8640K, reserved 1048576K
}
Event: 105126.949 GC heap after
{Heap after GC invocations=1315 (full 5):
 PSYoungGen      total 19456K, used 1632K [0x00000000d5580000, 0x00000000d6a80000, 0x0000000100000000)
  eden space 17408K, 0% used [0x00000000d5580000,0x00000000d5580000,0x00000000d6680000)
  from space 2048K, 79% used [0x00000000d6680000,0x00000000d6818040,0x00000000d6880000)
  to   space 2048K, 0% used [0x00000000d6880000,0x00000000d6880000,0x00000000d6a80000)
 ParOldGen       total 1376256K, used 1375871K [0x0000000080000000, 0x00000000d4000000, 0x00000000d5580000)
  object space 1376256K, 99% used [0x0000000080000000,0x00000000d3f9ffe8,0x00000000d4000000)
 Metaspace       used 79415K, committed 81024K, reserved 1179648K
  class space    used 7844K, committed 8640K, reserved 1048576K
}
Event: 105126.967 GC heap before
{Heap before GC invocations=1316 (full 5):
 PSYoungGen      total 19456K, used 19040K [0x00000000d5580000, 0x00000000d6a80000, 0x0000000100000000)
  eden space 17408K, 100% used [0x00000000d5580000,0x00000000d6680000,0x00000000d6680000)
  from space 2048K, 79% used [0x00000000d6680000,0x00000000d6818040,0x00000000d6880000)
  to   space 2048K, 0% used [0x00000000d6880000,0x00000000d6880000,0x00000000d6a80000)
 ParOldGen       total 1376256K, used 1375871K [0x0000000080000000, 0x00000000d4000000, 0x00000000d5580000)
  object space 1376256K, 99% used [0x0000000080000000,0x00000000d3f9ffe8,0x00000000d4000000)
 Metaspace       used 79415K, committed 81024K, reserved 1179648K
  class space    used 7844K, committed 8640K, reserved 1048576K
}
Event: 105126.970 GC heap after
{Heap after GC invocations=1316 (full 5):
 PSYoungGen      total 19456K, used 1664K [0x00000000d5580000, 0x00000000d6a80000, 0x0000000100000000)
  eden space 17408K, 0% used [0x00000000d5580000,0x00000000d5580000,0x00000000d6680000)
  from space 2048K, 81% used [0x00000000d6880000,0x00000000d6a20020,0x00000000d6a80000)
  to   space 2048K, 0% used [0x00000000d6680000,0x00000000d6680000,0x00000000d6880000)
 ParOldGen       total 1377792K, used 1377421K [0x0000000080000000, 0x00000000d4180000, 0x00000000d5580000)
  object space 1377792K, 99% used [0x0000000080000000,0x00000000d4123528,0x00000000d4180000)
 Metaspace       used 79415K, committed 81024K, reserved 1179648K
  class space    used 7844K, committed 8640K, reserved 1048576K
}
Event: 105127.001 GC heap before
{Heap before GC invocations=1317 (full 5):
 PSYoungGen      total 19456K, used 19072K [0x00000000d5580000, 0x00000000d6a80000, 0x0000000100000000)
  eden space 17408K, 100% used [0x00000000d5580000,0x00000000d6680000,0x00000000d6680000)
  from space 2048K, 81% used [0x00000000d6880000,0x00000000d6a20020,0x00000000d6a80000)
  to   space 2048K, 0% used [0x00000000d6680000,0x00000000d6680000,0x00000000d6880000)
 ParOldGen       total 1377792K, used 1377421K [0x0000000080000000, 0x00000000d4180000, 0x00000000d5580000)
  object space 1377792K, 99% used [0x0000000080000000,0x00000000d4123528,0x00000000d4180000)
 Metaspace       used 79417K, committed 81024K, reserved 1179648K
  class space    used 7844K, committed 8640K, reserved 1048576K
}
Event: 105127.005 GC heap after
{Heap after GC invocations=1317 (full 5):
 PSYoungGen      total 19456K, used 2042K [0x00000000d5580000, 0x00000000d6e80000, 0x0000000100000000)
  eden space 17408K, 0% used [0x00000000d5580000,0x00000000d5580000,0x00000000d6680000)
  from space 2048K, 99% used [0x00000000d6680000,0x00000000d687e8d0,0x00000000d6880000)
  to   space 4096K, 0% used [0x00000000d6a80000,0x00000000d6a80000,0x00000000d6e80000)
 ParOldGen       total 1379328K, used 1379030K [0x0000000080000000, 0x00000000d4300000, 0x00000000d5580000)
  object space 1379328K, 99% used [0x0000000080000000,0x00000000d42b5868,0x00000000d4300000)
 Metaspace       used 79417K, committed 81024K, reserved 1179648K
  class space    used 7844K, committed 8640K, reserved 1048576K
}
Event: 105127.023 GC heap before
{Heap before GC invocations=1318 (full 5):
 PSYoungGen      total 19456K, used 19450K [0x00000000d5580000, 0x00000000d6e80000, 0x0000000100000000)
  eden space 17408K, 100% used [0x00000000d5580000,0x00000000d6680000,0x00000000d6680000)
  from space 2048K, 99% used [0x00000000d6680000,0x00000000d687e8d0,0x00000000d6880000)
  to   space 4096K, 0% used [0x00000000d6a80000,0x00000000d6a80000,0x00000000d6e80000)
 ParOldGen       total 1379328K, used 1379030K [0x0000000080000000, 0x00000000d4300000, 0x00000000d5580000)
  object space 1379328K, 99% used [0x0000000080000000,0x00000000d42b5868,0x00000000d4300000)
 Metaspace       used 79417K, committed 81024K, reserved 1179648K
  class space    used 7844K, committed 8640K, reserved 1048576K
}
Event: 105127.026 GC heap after
{Heap after GC invocations=1318 (full 5):
 PSYoungGen      total 19456K, used 1600K [0x00000000d5580000, 0x00000000d6c80000, 0x0000000100000000)
  eden space 17408K, 0% used [0x00000000d5580000,0x00000000d5580000,0x00000000d6680000)
  from space 2048K, 78% used [0x00000000d6a80000,0x00000000d6c10020,0x00000000d6c80000)
  to   space 2560K, 0% used [0x00000000d6780000,0x00000000d6780000,0x00000000d6a00000)
 ParOldGen       total 1381376K, used 1380994K [0x0000000080000000, 0x00000000d4500000, 0x00000000d5580000)
  object space 1381376K, 99% used [0x0000000080000000,0x00000000d44a0b08,0x00000000d4500000)
 Metaspace       used 79417K, committed 81024K, reserved 1179648K
  class space    used 7844K, committed 8640K, reserved 1048576K
}
Event: 105127.041 GC heap before
{Heap before GC invocations=1319 (full 5):
 PSYoungGen      total 19456K, used 19008K [0x00000000d5580000, 0x00000000d6c80000, 0x0000000100000000)
  eden space 17408K, 100% used [0x00000000d5580000,0x00000000d6680000,0x00000000d6680000)
  from space 2048K, 78% used [0x00000000d6a80000,0x00000000d6c10020,0x00000000d6c80000)
  to   space 2560K, 0% used [0x00000000d6780000,0x00000000d6780000,0x00000000d6a00000)
 ParOldGen       total 1381376K, used 1380994K [0x0000000080000000, 0x00000000d4500000, 0x00000000d5580000)
  object space 1381376K, 99% used [0x0000000080000000,0x00000000d44a0b08,0x00000000d4500000)
 Metaspace       used 79417K, committed 81024K, reserved 1179648K
  class space    used 7844K, committed 8640K, reserved 1048576K
}
Event: 105127.043 GC heap after
{Heap after GC invocations=1319 (full 5):
 PSYoungGen      total 19456K, used 1536K [0x00000000d5580000, 0x00000000d6b00000, 0x0000000100000000)
  eden space 17408K, 0% used [0x00000000d5580000,0x00000000d5580000,0x00000000d6680000)
  from space 2048K, 75% used [0x00000000d6780000,0x00000000d6900060,0x00000000d6980000)
  to   space 1536K, 0% used [0x00000000d6980000,0x00000000d6980000,0x00000000d6b00000)
 ParOldGen       total 1382912K, used 1382470K [0x0000000080000000, 0x00000000d4680000, 0x00000000d5580000)
  object space 1382912K, 99% used [0x0000000080000000,0x00000000d4611b58,0x00000000d4680000)
 Metaspace       used 79417K, committed 81024K, reserved 1179648K
  class space    used 7844K, committed 8640K, reserved 1048576K
}
Event: 105127.071 GC heap before
{Heap before GC invocations=1320 (full 5):
 PSYoungGen      total 19456K, used 18944K [0x00000000d5580000, 0x00000000d6b00000, 0x0000000100000000)
  eden space 17408K, 100% used [0x00000000d5580000,0x00000000d6680000,0x00000000d6680000)
  from space 2048K, 75% used [0x00000000d6780000,0x00000000d6900060,0x00000000d6980000)
  to   space 1536K, 0% used [0x00000000d6980000,0x00000000d6980000,0x00000000d6b00000)
 ParOldGen       total 1382912K, used 1382470K [0x0000000080000000, 0x00000000d4680000, 0x00000000d5580000)
  object space 1382912K, 99% used [0x0000000080000000,0x00000000d4611b58,0x00000000d4680000)
 Metaspace       used 79418K, committed 81024K, reserved 1179648K
  class space    used 7844K, committed 8640K, reserved 1048576K
}
Event: 105127.074 GC heap after
{Heap after GC invocations=1320 (full 5):
 PSYoungGen      total 18432K, used 1504K [0x00000000d5580000, 0x00000000d6d80000, 0x0000000100000000)
  eden space 16896K, 0% used [0x00000000d5580000,0x00000000d5580000,0x00000000d6600000)
  from space 1536K, 97% used [0x00000000d6980000,0x00000000d6af8020,0x00000000d6b00000)
  to   space 3584K, 0% used [0x00000000d6600000,0x00000000d6600000,0x00000000d6980000)
 ParOldGen       total 1384448K, used 1384055K [0x0000000080000000, 0x00000000d4800000, 0x00000000d5580000)
  object space 1384448K, 99% used [0x0000000080000000,0x00000000d479dfa0,0x00000000d4800000)
 Metaspace       used 79418K, committed 81024K, reserved 1179648K
  class space    used 7844K, committed 8640K, reserved 1048576K
}
Event: 105884.996 GC heap before
{Heap before GC invocations=1321 (full 5):
 PSYoungGen      total 18432K, used 18400K [0x00000000d5580000, 0x00000000d6d80000, 0x0000000100000000)
  eden space 16896K, 100% used [0x00000000d5580000,0x00000000d6600000,0x00000000d6600000)
  from space 1536K, 97% used [0x00000000d6980000,0x00000000d6af8020,0x00000000d6b00000)
  to   space 3584K, 0% used [0x00000000d6600000,0x00000000d6600000,0x00000000d6980000)
 ParOldGen       total 1384448K, used 1384055K [0x0000000080000000, 0x00000000d4800000, 0x00000000d5580000)
  object space 1384448K, 99% used [0x0000000080000000,0x00000000d479dfa0,0x00000000d4800000)
 Metaspace       used 80085K, committed 81600K, reserved 1179648K
  class space    used 7911K, committed 8640K, reserved 1048576K
}
Event: 105885.039 GC heap after
{Heap after GC invocations=1321 (full 5):
 PSYoungGen      total 18432K, used 1153K [0x00000000d5580000, 0x00000000d6a00000, 0x0000000100000000)
  eden space 16896K, 0% used [0x00000000d5580000,0x00000000d5580000,0x00000000d6600000)
  from space 1536K, 75% used [0x00000000d6600000,0x00000000d67205e0,0x00000000d6780000)
  to   space 2048K, 0% used [0x00000000d6800000,0x00000000d6800000,0x00000000d6a00000)
 ParOldGen       total 1385472K, used 1385400K [0x0000000080000000, 0x00000000d4900000, 0x00000000d5580000)
  object space 1385472K, 99% used [0x0000000080000000,0x00000000d48ee060,0x00000000d4900000)
 Metaspace       used 80085K, committed 81600K, reserved 1179648K
  class space    used 7911K, committed 8640K, reserved 1048576K
}
Event: 105885.122 GC heap before
{Heap before GC invocations=1322 (full 5):
 PSYoungGen      total 18432K, used 18049K [0x00000000d5580000, 0x00000000d6a00000, 0x0000000100000000)
  eden space 16896K, 100% used [0x00000000d5580000,0x00000000d6600000,0x00000000d6600000)
  from space 1536K, 75% used [0x00000000d6600000,0x00000000d67205e0,0x00000000d6780000)
  to   space 2048K, 0% used [0x00000000d6800000,0x00000000d6800000,0x00000000d6a00000)
 ParOldGen       total 1385472K, used 1385400K [0x0000000080000000, 0x00000000d4900000, 0x00000000d5580000)
  object space 1385472K, 99% used [0x0000000080000000,0x00000000d48ee060,0x00000000d4900000)
 Metaspace       used 80453K, committed 81920K, reserved 1179648K
  class space    used 7947K, committed 8640K, reserved 1048576K
}
Event: 105885.125 GC heap after
{Heap after GC invocations=1322 (full 5):
 PSYoungGen      total 17408K, used 2033K [0x00000000d5580000, 0x00000000d6d00000, 0x0000000100000000)
  eden space 15360K, 0% used [0x00000000d5580000,0x00000000d5580000,0x00000000d6480000)
  from space 2048K, 99% used [0x00000000d6800000,0x00000000d69fc5f8,0x00000000d6a00000)
  to   space 3584K, 0% used [0x00000000d6480000,0x00000000d6480000,0x00000000d6800000)
 ParOldGen       total 1387008K, used 1386574K [0x0000000080000000, 0x00000000d4a80000, 0x00000000d5580000)
  object space 1387008K, 99% used [0x0000000080000000,0x00000000d4a138b8,0x00000000d4a80000)
 Metaspace       used 80453K, committed 81920K, reserved 1179648K
  class space    used 7947K, committed 8640K, reserved 1048576K
}
Event: 105885.256 GC heap before
{Heap before GC invocations=1323 (full 5):
 PSYoungGen      total 17408K, used 17393K [0x00000000d5580000, 0x00000000d6d00000, 0x0000000100000000)
  eden space 15360K, 100% used [0x00000000d5580000,0x00000000d6480000,0x00000000d6480000)
  from space 2048K, 99% used [0x00000000d6800000,0x00000000d69fc5f8,0x00000000d6a00000)
  to   space 3584K, 0% used [0x00000000d6480000,0x00000000d6480000,0x00000000d6800000)
 ParOldGen       total 1387008K, used 1386574K [0x0000000080000000, 0x00000000d4a80000, 0x00000000d5580000)
  object space 1387008K, 99% used [0x0000000080000000,0x00000000d4a138b8,0x00000000d4a80000)
 Metaspace       used 81181K, committed 82624K, reserved 1179648K
  class space    used 8005K, committed 8640K, reserved 1048576K
}
Event: 105885.258 GC heap after
{Heap after GC invocations=1323 (full 5):
 PSYoungGen      total 16896K, used 1440K [0x00000000d5580000, 0x00000000d6980000, 0x0000000100000000)
  eden space 15360K, 0% used [0x00000000d5580000,0x00000000d5580000,0x00000000d6480000)
  from space 1536K, 93% used [0x00000000d6480000,0x00000000d65e8000,0x00000000d6600000)
  to   space 2560K, 0% used [0x00000000d6700000,0x00000000d6700000,0x00000000d6980000)
 ParOldGen       total 1388544K, used 1388516K [0x0000000080000000, 0x00000000d4c00000, 0x00000000d5580000)
  object space 1388544K, 99% used [0x0000000080000000,0x00000000d4bf9270,0x00000000d4c00000)
 Metaspace       used 81181K, committed 82624K, reserved 1179648K
  class space    used 8005K, committed 8640K, reserved 1048576K
}

Dll operation events (12 events):
Event: 0.005 Loaded shared library c:\Users\hhamz\.antigravity\extensions\redhat.java-1.53.0-win32-x64\jre\21.0.10-win32-x86_64\bin\java.dll
Event: 0.038 Loaded shared library c:\Users\hhamz\.antigravity\extensions\redhat.java-1.53.0-win32-x64\jre\21.0.10-win32-x86_64\bin\zip.dll
Event: 0.048 Loaded shared library C:\Users\hhamz\.antigravity\extensions\redhat.java-1.53.0-win32-x64\jre\21.0.10-win32-x86_64\bin\instrument.dll
Event: 0.051 Loaded shared library C:\Users\hhamz\.antigravity\extensions\redhat.java-1.53.0-win32-x64\jre\21.0.10-win32-x86_64\bin\net.dll
Event: 0.052 Loaded shared library C:\Users\hhamz\.antigravity\extensions\redhat.java-1.53.0-win32-x64\jre\21.0.10-win32-x86_64\bin\nio.dll
Event: 0.053 Loaded shared library C:\Users\hhamz\.antigravity\extensions\redhat.java-1.53.0-win32-x64\jre\21.0.10-win32-x86_64\bin\zip.dll
Event: 0.063 Loaded shared library C:\Users\hhamz\.antigravity\extensions\redhat.java-1.53.0-win32-x64\jre\21.0.10-win32-x86_64\bin\jimage.dll
Event: 0.097 Loaded shared library c:\Users\hhamz\.antigravity\extensions\redhat.java-1.53.0-win32-x64\jre\21.0.10-win32-x86_64\bin\verify.dll
Event: 0.694 Loaded shared library C:\Users\hhamz\AppData\Roaming\Antigravity\User\globalStorage\redhat.java\1.53.0\config_win\org.eclipse.equinox.launcher\org.eclipse.equinox.launcher.win32.win32.x86_64_1.3.0.v20260203-2149\eclipse_11919.dll
Event: 1.350 Loaded shared library C:\Users\hhamz\AppData\Local\Temp\jna-99241166\jna4384217376688972304.dll
Event: 2.474 Loaded shared library C:\Users\hhamz\.antigravity\extensions\redhat.java-1.53.0-win32-x64\jre\21.0.10-win32-x86_64\bin\sunmscapi.dll
Event: 2.694 Loaded shared library C:\Users\hhamz\.antigravity\extensions\redhat.java-1.53.0-win32-x64\jre\21.0.10-win32-x86_64\bin\extnet.dll

Deoptimization events (20 events):
Event: 105885.154 Thread 0x00000237779ac190 Uncommon trap: trap_request=0xffffffc6 fr.pc=0x00000237610ed9b8 relative=0x0000000000000e78
Event: 105885.154 Thread 0x00000237779ac190 Uncommon trap: reason=bimorphic_or_optimized_type_check action=maybe_recompile pc=0x00000237610ed9b8 method=java.util.Hashtable.putAll(Ljava/util/Map;)V @ 22 c2
Event: 105885.154 Thread 0x00000237779ac190 DEOPT PACKING pc=0x00000237610ed9b8 sp=0x0000004a0bafe690
Event: 105885.154 Thread 0x00000237779ac190 DEOPT UNPACKING pc=0x000002375fdd3aa2 sp=0x0000004a0bafe690 mode 2
Event: 105885.154 Thread 0x00000237779ac190 Uncommon trap: trap_request=0xffffffc6 fr.pc=0x00000237610ed9b8 relative=0x0000000000000e78
Event: 105885.154 Thread 0x00000237779ac190 Uncommon trap: reason=bimorphic_or_optimized_type_check action=maybe_recompile pc=0x00000237610ed9b8 method=java.util.Hashtable.putAll(Ljava/util/Map;)V @ 22 c2
Event: 105885.154 Thread 0x00000237779ac190 DEOPT PACKING pc=0x00000237610ed9b8 sp=0x0000004a0bafe620
Event: 105885.154 Thread 0x00000237779ac190 DEOPT UNPACKING pc=0x000002375fdd3aa2 sp=0x0000004a0bafe620 mode 2
Event: 105885.154 Thread 0x00000237779ac190 Uncommon trap: trap_request=0xffffffc6 fr.pc=0x00000237610ed9b8 relative=0x0000000000000e78
Event: 105885.154 Thread 0x00000237779ac190 Uncommon trap: reason=bimorphic_or_optimized_type_check action=maybe_recompile pc=0x00000237610ed9b8 method=java.util.Hashtable.putAll(Ljava/util/Map;)V @ 22 c2
Event: 105885.154 Thread 0x00000237779ac190 DEOPT PACKING pc=0x00000237610ed9b8 sp=0x0000004a0bafe690
Event: 105885.154 Thread 0x00000237779ac190 DEOPT UNPACKING pc=0x000002375fdd3aa2 sp=0x0000004a0bafe690 mode 2
Event: 105885.154 Thread 0x00000237779ac190 Uncommon trap: trap_request=0xffffffc6 fr.pc=0x00000237610ed9b8 relative=0x0000000000000e78
Event: 105885.154 Thread 0x00000237779ac190 Uncommon trap: reason=bimorphic_or_optimized_type_check action=maybe_recompile pc=0x00000237610ed9b8 method=java.util.Hashtable.putAll(Ljava/util/Map;)V @ 22 c2
Event: 105885.154 Thread 0x00000237779ac190 DEOPT PACKING pc=0x00000237610ed9b8 sp=0x0000004a0bafe620
Event: 105885.154 Thread 0x00000237779ac190 DEOPT UNPACKING pc=0x000002375fdd3aa2 sp=0x0000004a0bafe620 mode 2
Event: 105885.368 Thread 0x00000237779ac190 Uncommon trap: trap_request=0xffffffde fr.pc=0x00000237609d8818 relative=0x0000000000000078
Event: 105885.368 Thread 0x00000237779ac190 Uncommon trap: reason=class_check action=maybe_recompile pc=0x00000237609d8818 method=java.util.LinkedHashMap.afterNodeInsertion(Z)V @ 15 c2
Event: 105885.369 Thread 0x00000237779ac190 DEOPT PACKING pc=0x00000237609d8818 sp=0x0000004a0bafe8c0
Event: 105885.369 Thread 0x00000237779ac190 DEOPT UNPACKING pc=0x000002375fdd3aa2 sp=0x0000004a0bafe838 mode 2

Classes loaded (20 events):
Event: 14820.864 Loading class jdk/internal/module/IllegalAccessLogger
Event: 14820.864 Loading class jdk/internal/module/IllegalAccessLogger done
Event: 14830.962 Loading class jdk/internal/module/IllegalAccessLogger
Event: 14830.962 Loading class jdk/internal/module/IllegalAccessLogger done
Event: 14838.423 Loading class jdk/internal/module/IllegalAccessLogger
Event: 14838.423 Loading class jdk/internal/module/IllegalAccessLogger done
Event: 103686.701 Loading class jdk/internal/module/IllegalAccessLogger
Event: 103686.701 Loading class jdk/internal/module/IllegalAccessLogger done
Event: 104693.669 Loading class jdk/internal/module/IllegalAccessLogger
Event: 104693.670 Loading class jdk/internal/module/IllegalAccessLogger done
Event: 104702.703 Loading class jdk/internal/module/IllegalAccessLogger
Event: 104702.703 Loading class jdk/internal/module/IllegalAccessLogger done
Event: 104710.526 Loading class jdk/internal/module/IllegalAccessLogger
Event: 104710.526 Loading class jdk/internal/module/IllegalAccessLogger done
Event: 104722.279 Loading class jdk/internal/module/IllegalAccessLogger
Event: 104722.279 Loading class jdk/internal/module/IllegalAccessLogger done
Event: 104732.742 Loading class jdk/internal/module/IllegalAccessLogger
Event: 104732.742 Loading class jdk/internal/module/IllegalAccessLogger done
Event: 105885.239 Loading class jdk/internal/ref/CleanerImpl$InnocuousThreadFactory
Event: 105885.240 Loading class jdk/internal/ref/CleanerImpl$InnocuousThreadFactory done

Classes unloaded (20 events):
Event: 4904.583 Thread 0x00000237556c4930 Unloading class 0x0000023701000400 'java/lang/invoke/LambdaForm$MH+0x0000023701000400'
Event: 13829.294 Thread 0x00000237556c4930 Unloading class 0x0000023701841800 'java/lang/invoke/LambdaForm$MH+0x0000023701841800'
Event: 13829.294 Thread 0x00000237556c4930 Unloading class 0x0000023701842000 'java/lang/invoke/LambdaForm$MH+0x0000023701842000'
Event: 13829.294 Thread 0x00000237556c4930 Unloading class 0x0000023701858c00 'java/lang/invoke/LambdaForm$MH+0x0000023701858c00'
Event: 13829.294 Thread 0x00000237556c4930 Unloading class 0x0000023701001800 'java/lang/invoke/LambdaForm$MH+0x0000023701001800'
Event: 13829.294 Thread 0x00000237556c4930 Unloading class 0x0000023701004800 'java/lang/invoke/LambdaForm$MH+0x0000023701004800'
Event: 13829.294 Thread 0x00000237556c4930 Unloading class 0x0000023701005c00 'java/lang/invoke/LambdaForm$MH+0x0000023701005c00'
Event: 13829.294 Thread 0x00000237556c4930 Unloading class 0x0000023701007000 'java/lang/invoke/LambdaForm$DMH+0x0000023701007000'
Event: 13829.294 Thread 0x00000237556c4930 Unloading class 0x000002370100d800 'java/lang/invoke/LambdaForm$MH+0x000002370100d800'
Event: 13829.294 Thread 0x00000237556c4930 Unloading class 0x0000023701014800 'java/lang/invoke/LambdaForm$MH+0x0000023701014800'
Event: 13829.294 Thread 0x00000237556c4930 Unloading class 0x0000023701018800 'java/lang/invoke/LambdaForm$MH+0x0000023701018800'
Event: 13829.294 Thread 0x00000237556c4930 Unloading class 0x000002370101d400 'java/lang/invoke/LambdaForm$MH+0x000002370101d400'
Event: 13829.294 Thread 0x00000237556c4930 Unloading class 0x000002370101dc00 'java/lang/invoke/LambdaForm$MH+0x000002370101dc00'
Event: 13829.294 Thread 0x00000237556c4930 Unloading class 0x0000023701178800 'java/lang/invoke/LambdaForm$MH+0x0000023701178800'
Event: 13829.294 Thread 0x00000237556c4930 Unloading class 0x00000237011bc800 'java/lang/invoke/LambdaForm$MH+0x00000237011bc800'
Event: 13829.294 Thread 0x00000237556c4930 Unloading class 0x00000237011bd800 'java/lang/invoke/LambdaForm$MH+0x00000237011bd800'
Event: 13829.294 Thread 0x00000237556c4930 Unloading class 0x00000237011be400 'java/lang/invoke/LambdaForm$MH+0x00000237011be400'
Event: 13829.294 Thread 0x00000237556c4930 Unloading class 0x0000023701214400 'java/lang/invoke/LambdaForm$MH+0x0000023701214400'
Event: 13829.294 Thread 0x00000237556c4930 Unloading class 0x000002370139d400 'java/lang/invoke/LambdaForm$MH+0x000002370139d400'
Event: 13829.294 Thread 0x00000237556c4930 Unloading class 0x000002370149c800 'java/lang/invoke/LambdaForm$MH+0x000002370149c800'

Classes redefined (0 events):
No events

Internal exceptions (20 events):
Event: 104702.522 Thread 0x0000023774bad4b0 Exception <a 'sun/nio/fs/WindowsException'{0x00000000d5d8d080}> (0x00000000d5d8d080) 
thrown [s\src\hotspot\share\prims\jni.cpp, line 520]
Event: 104702.679 Thread 0x0000023774bad4b0 Exception <a 'sun/nio/fs/WindowsException'{0x00000000d5c353c8}> (0x00000000d5c353c8) 
thrown [s\src\hotspot\share\prims\jni.cpp, line 520]
Event: 104710.368 Thread 0x0000023774bad4b0 Exception <a 'sun/nio/fs/WindowsException'{0x00000000d616d218}> (0x00000000d616d218) 
thrown [s\src\hotspot\share\prims\jni.cpp, line 520]
Event: 104710.527 Thread 0x0000023774bad4b0 Exception <a 'sun/nio/fs/WindowsException'{0x00000000d5628718}> (0x00000000d5628718) 
thrown [s\src\hotspot\share\prims\jni.cpp, line 520]
Event: 104722.090 Thread 0x0000023774bad4b0 Exception <a 'sun/nio/fs/WindowsException'{0x00000000d5c50668}> (0x00000000d5c50668) 
thrown [s\src\hotspot\share\prims\jni.cpp, line 520]
Event: 104722.302 Thread 0x0000023774bad4b0 Exception <a 'sun/nio/fs/WindowsException'{0x00000000d573efb0}> (0x00000000d573efb0) 
thrown [s\src\hotspot\share\prims\jni.cpp, line 520]
Event: 104722.550 Thread 0x00000237782d1bf0 Implicit null exception at 0x00000237616ac389 to 0x00000237616ad088
Event: 104732.538 Thread 0x0000023774bad4b0 Exception <a 'sun/nio/fs/WindowsException'{0x00000000d59f1188}> (0x00000000d59f1188) 
thrown [s\src\hotspot\share\prims\jni.cpp, line 520]
Event: 104732.745 Thread 0x0000023774bad4b0 Exception <a 'sun/nio/fs/WindowsException'{0x00000000d56aacb0}> (0x00000000d56aacb0) 
thrown [s\src\hotspot\share\prims\jni.cpp, line 520]
Event: 104993.403 Thread 0x00000237782d1bf0 Exception <a 'sun/nio/fs/WindowsException'{0x00000000d6665c18}> (0x00000000d6665c18) 
thrown [s\src\hotspot\share\prims\jni.cpp, line 520]
Event: 104993.403 Thread 0x00000237782d1bf0 Exception <a 'sun/nio/fs/WindowsException'{0x00000000d66664e0}> (0x00000000d66664e0) 
thrown [s\src\hotspot\share\prims\jni.cpp, line 520]
Event: 105884.729 Thread 0x0000023775eb05f0 Implicit null exception at 0x00000237611bb039 to 0x00000237611bb248
Event: 105884.750 Thread 0x0000023775eb05f0 Exception <a 'java/lang/NoSuchMethodError'{0x00000000d5de77d0}: 'void java.lang.invoke.DelegatingMethodHandle$Holder.reinvoke_L(java.lang.Object, java.lang.Object, int)'> (0x00000000d5de77d0) 
thrown [s\src\hotspot\share\interpreter\linkResolver.cpp, line 773]
Event: 105884.758 Thread 0x0000023775eb05f0 Exception <a 'java/lang/IncompatibleClassChangeError'{0x00000000d5df2ba8}: Found class java.lang.Object, but interface was expected> (0x00000000d5df2ba8) 
thrown [s\src\hotspot\share\interpreter\linkResolver.cpp, line 840]
Event: 105884.965 Thread 0x0000023775eb05f0 Exception <a 'java/lang/IncompatibleClassChangeError'{0x00000000d6187530}: Found class java.lang.Object, but interface was expected> (0x00000000d6187530) 
thrown [s\src\hotspot\share\interpreter\linkResolver.cpp, line 840]
Event: 105884.972 Thread 0x0000023775eb05f0 Exception <a 'java/lang/IncompatibleClassChangeError'{0x00000000d61a2640}: Found class java.lang.Object, but interface was expected> (0x00000000d61a2640) 
thrown [s\src\hotspot\share\interpreter\linkResolver.cpp, line 840]
Event: 105884.975 Thread 0x0000023775eb05f0 Exception <a 'java/lang/IncompatibleClassChangeError'{0x00000000d61ad0d0}: Found class java.lang.Object, but interface was expected> (0x00000000d61ad0d0) 
thrown [s\src\hotspot\share\interpreter\linkResolver.cpp, line 840]
Event: 105884.978 Thread 0x0000023775eb05f0 Exception <a 'java/lang/IncompatibleClassChangeError'{0x00000000d61b8240}: Found class java.lang.Object, but interface was expected> (0x00000000d61b8240) 
thrown [s\src\hotspot\share\interpreter\linkResolver.cpp, line 840]
Event: 105884.979 Thread 0x0000023775eb05f0 Exception <a 'java/lang/IncompatibleClassChangeError'{0x00000000d63180b8}: Found class java.lang.Object, but interface was expected> (0x00000000d63180b8) 
thrown [s\src\hotspot\share\interpreter\linkResolver.cpp, line 840]
Event: 105884.981 Thread 0x00000237779aa0c0 Exception <a 'java/lang/NoSuchMethodError'{0x00000000d62370a0}: 'java.lang.Object java.lang.invoke.DirectMethodHandle$Holder.invokeSpecial(java.lang.Object, java.lang.Object, java.lang.Object, java.lang.Object, int, java.lang.Object, java.lang.Object)'> (0x00000000d62370a0) 
thrown [s\src\hotspot\share\interpreter\linkResolver.cpp, line 773]

ZGC Phase Switch (0 events):
No events

VM Operations (20 events):
Event: 105884.967 Executing safepoint VM operation: Cleanup
Event: 105884.969 Executing safepoint VM operation: Cleanup done
Event: 105884.995 Executing safepoint VM operation: ParallelGCFailedAllocation (Allocation Failure)
Event: 105885.039 Executing safepoint VM operation: ParallelGCFailedAllocation (Allocation Failure) done
Event: 105885.116 Executing safepoint VM operation: ParallelGCFailedAllocation (Allocation Failure)
Event: 105885.125 Executing safepoint VM operation: ParallelGCFailedAllocation (Allocation Failure) done
Event: 105885.256 Executing safepoint VM operation: ParallelGCFailedAllocation (Allocation Failure)
Event: 105885.258 Executing safepoint VM operation: ParallelGCFailedAllocation (Allocation Failure) done
Event: 105886.262 Executing safepoint VM operation: Cleanup
Event: 105886.262 Executing safepoint VM operation: Cleanup done
Event: 105887.263 Executing safepoint VM operation: Cleanup
Event: 105887.263 Executing safepoint VM operation: Cleanup done
Event: 105895.803 Executing non-safepoint VM operation: HandshakeAllThreads (HandshakeForDeflation)
Event: 105895.803 Executing non-safepoint VM operation: HandshakeAllThreads (HandshakeForDeflation) done
Event: 105895.803 Executing non-safepoint VM operation: RendezvousGCThreads
Event: 105895.803 Executing non-safepoint VM operation: RendezvousGCThreads done
Event: 105927.907 Executing safepoint VM operation: Cleanup
Event: 105927.907 Executing safepoint VM operation: Cleanup done
Event: 106002.233 Executing safepoint VM operation: Cleanup
Event: 106002.233 Executing safepoint VM operation: Cleanup done

Memory protections (0 events):
No events

Nmethod flushes (20 events):
Event: 13829.532 Thread 0x00000237556c4930 flushing  nmethod 0x000002375a96e210
Event: 13829.532 Thread 0x00000237556c4930 flushing  nmethod 0x000002375a96ec10
Event: 13829.532 Thread 0x00000237556c4930 flushing  nmethod 0x000002375a971d10
Event: 13829.532 Thread 0x00000237556c4930 flushing  nmethod 0x000002375a972290
Event: 13829.532 Thread 0x00000237556c4930 flushing  nmethod 0x000002375a972710
Event: 13829.532 Thread 0x00000237556c4930 flushing  nmethod 0x000002375a979310
Event: 13829.532 Thread 0x00000237556c4930 flushing  nmethod 0x000002375a9ca210
Event: 13829.532 Thread 0x00000237556c4930 flushing  nmethod 0x000002375a9e9c90
Event: 13829.532 Thread 0x00000237556c4930 flushing osr nmethod 0x000002375a9ee810
Event: 13829.532 Thread 0x00000237556c4930 flushing  nmethod 0x000002375aa2d690
Event: 13829.532 Thread 0x00000237556c4930 flushing  nmethod 0x000002375aa3a810
Event: 13829.532 Thread 0x00000237556c4930 flushing osr nmethod 0x000002375aaa9e90
Event: 13829.532 Thread 0x00000237556c4930 flushing  nmethod 0x000002375aaeb310
Event: 13829.532 Thread 0x00000237556c4930 flushing  nmethod 0x000002375ab61190
Event: 13829.532 Thread 0x00000237556c4930 flushing  nmethod 0x000002375abb0a10
Event: 13829.532 Thread 0x00000237556c4930 flushing  nmethod 0x000002375ac00110
Event: 13829.532 Thread 0x00000237556c4930 flushing  nmethod 0x000002375ac01790
Event: 13829.532 Thread 0x00000237556c4930 flushing  nmethod 0x000002375ac25c90
Event: 13829.532 Thread 0x00000237556c4930 flushing  nmethod 0x000002375ac3ae90
Event: 13829.532 Thread 0x00000237556c4930 flushing osr nmethod 0x000002375adcbd10

Events (20 events):
Event: 105884.973 Thread 0x0000023775eb05f0 Thread added: 0x00000237779aef80
Event: 105884.976 Thread 0x00000237779ac190 Thread added: 0x00000237779af610
Event: 105884.978 Thread 0x0000023775eb05f0 Thread added: 0x00000237779afca0
Event: 105884.980 Thread 0x0000023775eb05f0 Thread added: 0x00000237782d4350
Event: 105884.981 Thread 0x00000237782d4350 Thread added: 0x00000237782d1560
Event: 105884.981 Thread 0x00000237782d1560 Thread added: 0x00000237782d49e0
Event: 105885.105 Thread 0x00000237557e9a90 Thread added: 0x000002377637e480
Event: 105885.240 Thread 0x00000237779ac190 Thread added: 0x00000237782d2fa0
Event: 105885.258 Thread 0x000002377637e480 Thread added: 0x000002377637ae00
Event: 105885.258 Thread 0x000002377637e480 Thread added: 0x000002377637f220
Event: 105885.258 Thread 0x000002377637e480 Thread added: 0x000002377637ffc0
Event: 105885.343 Thread 0x000002376d530800 Thread added: 0x0000023777f8dfe0
Event: 105890.387 Thread 0x0000023777f8dfe0 Thread exited: 0x0000023777f8dfe0
Event: 105890.387 Thread 0x000002377637ffc0 Thread exited: 0x000002377637ffc0
Event: 105890.387 Thread 0x000002377637f220 Thread exited: 0x000002377637f220
Event: 105895.402 Thread 0x000002377637ae00 Thread exited: 0x000002377637ae00
Event: 105895.402 Thread 0x000002377637e480 Thread exited: 0x000002377637e480
Event: 105945.389 Thread 0x00000237779ac190 Thread exited: 0x00000237779ac190
Event: 106005.395 Thread 0x00000237779afca0 Thread exited: 0x00000237779afca0
Event: 106065.403 Thread 0x00000237779aef80 Thread exited: 0x00000237779aef80


Dynamic libraries:
0x00007ff6f33f0000 - 0x00007ff6f33fe000 	c:\Users\hhamz\.antigravity\extensions\redhat.java-1.53.0-win32-x64\jre\21.0.10-win32-x86_64\bin\java.exe
0x00007ffd35e80000 - 0x00007ffd360e7000 	C:\WINDOWS\SYSTEM32\ntdll.dll
0x00007ffd359a0000 - 0x00007ffd35a69000 	C:\WINDOWS\System32\KERNEL32.DLL
0x00007ffd32760000 - 0x00007ffd32b51000 	C:\WINDOWS\System32\KERNELBASE.dll
0x00007ffd33950000 - 0x00007ffd33a9b000 	C:\WINDOWS\System32\ucrtbase.dll
0x00007ffd0a340000 - 0x00007ffd0a358000 	c:\Users\hhamz\.antigravity\extensions\redhat.java-1.53.0-win32-x64\jre\21.0.10-win32-x86_64\bin\jli.dll
0x00007ffd0a320000 - 0x00007ffd0a33e000 	c:\Users\hhamz\.antigravity\extensions\redhat.java-1.53.0-win32-x64\jre\21.0.10-win32-x86_64\bin\VCRUNTIME140.dll
0x00007ffd35a70000 - 0x00007ffd35c35000 	C:\WINDOWS\System32\USER32.dll
0x00007ffd33680000 - 0x00007ffd336a7000 	C:\WINDOWS\System32\win32u.dll
0x00007ffd0f9b0000 - 0x00007ffd0fc43000 	C:\WINDOWS\WinSxS\amd64_microsoft.windows.common-controls_6595b64144ccf1df_6.0.26100.8037_none_3e092faae333b53b\COMCTL32.dll
0x00007ffd35660000 - 0x00007ffd3568b000 	C:\WINDOWS\System32\GDI32.dll
0x00007ffd35870000 - 0x00007ffd35919000 	C:\WINDOWS\System32\msvcrt.dll
0x00007ffd33820000 - 0x00007ffd3394b000 	C:\WINDOWS\System32\gdi32full.dll
0x00007ffd33510000 - 0x00007ffd335b3000 	C:\WINDOWS\System32\msvcp_win.dll
0x00007ffd35c40000 - 0x00007ffd35c71000 	C:\WINDOWS\System32\IMM32.DLL
0x00007ffd2d850000 - 0x00007ffd2d85c000 	c:\Users\hhamz\.antigravity\extensions\redhat.java-1.53.0-win32-x64\jre\21.0.10-win32-x86_64\bin\vcruntime140_1.dll
0x00007ffc91590000 - 0x00007ffc9161d000 	c:\Users\hhamz\.antigravity\extensions\redhat.java-1.53.0-win32-x64\jre\21.0.10-win32-x86_64\bin\msvcp140.dll
0x00007ffc061e0000 - 0x00007ffc06f81000 	c:\Users\hhamz\.antigravity\extensions\redhat.java-1.53.0-win32-x64\jre\21.0.10-win32-x86_64\bin\server\jvm.dll
0x00007ffd34d20000 - 0x00007ffd34ddb000 	C:\WINDOWS\System32\ADVAPI32.dll
0x00007ffd35d20000 - 0x00007ffd35dc7000 	C:\WINDOWS\System32\sechost.dll
0x00007ffd34c00000 - 0x00007ffd34d18000 	C:\WINDOWS\System32\RPCRT4.dll
0x00007ffd33fb0000 - 0x00007ffd34024000 	C:\WINDOWS\System32\WS2_32.dll
0x00007ffd31fc0000 - 0x00007ffd3201e000 	C:\WINDOWS\SYSTEM32\POWRPROF.dll
0x00007ffd2a370000 - 0x00007ffd2a37b000 	C:\WINDOWS\SYSTEM32\VERSION.dll
0x00007ffd25b50000 - 0x00007ffd25b85000 	C:\WINDOWS\SYSTEM32\WINMM.dll
0x00007ffd31fa0000 - 0x00007ffd31fb4000 	C:\WINDOWS\SYSTEM32\UMPDC.dll
0x00007ffd314b0000 - 0x00007ffd314cb000 	C:\WINDOWS\SYSTEM32\kernel.appcore.dll
0x00007ffd2d640000 - 0x00007ffd2d64a000 	c:\Users\hhamz\.antigravity\extensions\redhat.java-1.53.0-win32-x64\jre\21.0.10-win32-x86_64\bin\jimage.dll
0x00007ffd30490000 - 0x00007ffd306d2000 	C:\WINDOWS\SYSTEM32\DBGHELP.DLL
0x00007ffd33c20000 - 0x00007ffd33fa2000 	C:\WINDOWS\System32\combase.dll
0x00007ffd34b20000 - 0x00007ffd34bf7000 	C:\WINDOWS\System32\OLEAUT32.dll
0x00007ffd0fe30000 - 0x00007ffd0fe6b000 	C:\WINDOWS\SYSTEM32\dbgcore.DLL
0x00007ffd33460000 - 0x00007ffd33505000 	C:\WINDOWS\System32\bcryptPrimitives.dll
0x00007ffd15770000 - 0x00007ffd1577f000 	c:\Users\hhamz\.antigravity\extensions\redhat.java-1.53.0-win32-x64\jre\21.0.10-win32-x86_64\bin\instrument.dll
0x00007ffcfb790000 - 0x00007ffcfb7b0000 	c:\Users\hhamz\.antigravity\extensions\redhat.java-1.53.0-win32-x64\jre\21.0.10-win32-x86_64\bin\java.dll
0x00007ffd34240000 - 0x00007ffd3499f000 	C:\WINDOWS\System32\SHELL32.dll
0x00007ffd336b0000 - 0x00007ffd3381a000 	C:\WINDOWS\System32\wintypes.dll
0x00007ffd32bf0000 - 0x00007ffd33454000 	C:\WINDOWS\System32\windows.storage.dll
0x00007ffd34130000 - 0x00007ffd34227000 	C:\WINDOWS\System32\SHCORE.dll
0x00007ffd35dd0000 - 0x00007ffd35e37000 	C:\WINDOWS\System32\shlwapi.dll
0x00007ffd32680000 - 0x00007ffd326a9000 	C:\WINDOWS\SYSTEM32\profapi.dll
0x00007ffcfa8d0000 - 0x00007ffcfa8e8000 	c:\Users\hhamz\.antigravity\extensions\redhat.java-1.53.0-win32-x64\jre\21.0.10-win32-x86_64\bin\zip.dll
0x00007ffd13a90000 - 0x00007ffd13aa0000 	C:\Users\hhamz\.antigravity\extensions\redhat.java-1.53.0-win32-x64\jre\21.0.10-win32-x86_64\bin\net.dll
0x00007ffd2be10000 - 0x00007ffd2bf37000 	C:\WINDOWS\SYSTEM32\WINHTTP.dll
0x00007ffd31a00000 - 0x00007ffd31a6b000 	C:\WINDOWS\system32\mswsock.dll
0x00007ffcfa8b0000 - 0x00007ffcfa8c6000 	C:\Users\hhamz\.antigravity\extensions\redhat.java-1.53.0-win32-x64\jre\21.0.10-win32-x86_64\bin\nio.dll
0x00007ffd0a3c0000 - 0x00007ffd0a3d0000 	c:\Users\hhamz\.antigravity\extensions\redhat.java-1.53.0-win32-x64\jre\21.0.10-win32-x86_64\bin\verify.dll
0x00007ffcd2420000 - 0x00007ffcd2465000 	C:\Users\hhamz\AppData\Roaming\Antigravity\User\globalStorage\redhat.java\1.53.0\config_win\org.eclipse.equinox.launcher\org.eclipse.equinox.launcher.win32.win32.x86_64_1.3.0.v20260203-2149\eclipse_11919.dll
0x00007ffd356a0000 - 0x00007ffd35835000 	C:\WINDOWS\System32\ole32.dll
0x00007ffd31e00000 - 0x00007ffd31e1b000 	C:\WINDOWS\SYSTEM32\CRYPTSP.dll
0x00007ffd31410000 - 0x00007ffd31449000 	C:\WINDOWS\system32\rsaenh.dll
0x00007ffd31ab0000 - 0x00007ffd31ae2000 	C:\WINDOWS\SYSTEM32\USERENV.dll
0x00007ffd32650000 - 0x00007ffd3267a000 	C:\WINDOWS\SYSTEM32\bcrypt.dll
0x00007ffd31c60000 - 0x00007ffd31c6c000 	C:\WINDOWS\SYSTEM32\CRYPTBASE.dll
0x00007ffd30f50000 - 0x00007ffd30f83000 	C:\WINDOWS\SYSTEM32\IPHLPAPI.DLL
0x00007ffd35690000 - 0x00007ffd3569a000 	C:\WINDOWS\System32\NSI.dll
0x00007ffcd2350000 - 0x00007ffcd2399000 	C:\Users\hhamz\AppData\Local\Temp\jna-99241166\jna4384217376688972304.dll
0x00007ffd34230000 - 0x00007ffd34238000 	C:\WINDOWS\System32\PSAPI.DLL
0x00007ffd2ca40000 - 0x00007ffd2ca5d000 	C:\WINDOWS\SYSTEM32\dhcpcsvc6.DLL
0x00007ffd2c900000 - 0x00007ffd2c923000 	C:\WINDOWS\SYSTEM32\dhcpcsvc.DLL
0x00007ffd0a3a0000 - 0x00007ffd0a3ae000 	C:\Users\hhamz\.antigravity\extensions\redhat.java-1.53.0-win32-x64\jre\21.0.10-win32-x86_64\bin\sunmscapi.dll
0x00007ffd33aa0000 - 0x00007ffd33c17000 	C:\WINDOWS\System32\CRYPT32.dll
0x00007ffd32080000 - 0x00007ffd320b0000 	C:\WINDOWS\SYSTEM32\ncrypt.dll
0x00007ffd32030000 - 0x00007ffd3206f000 	C:\WINDOWS\SYSTEM32\NTASN1.dll
0x00007ffd31030000 - 0x00007ffd3115a000 	C:\WINDOWS\SYSTEM32\DNSAPI.dll
0x00007ffd2b5b0000 - 0x00007ffd2b5bb000 	C:\Windows\System32\rasadhlp.dll
0x00007ffd2cf10000 - 0x00007ffd2cf96000 	C:\WINDOWS\System32\fwpuclnt.dll
0x00007ffcfa8a0000 - 0x00007ffcfa8a9000 	C:\Users\hhamz\.antigravity\extensions\redhat.java-1.53.0-win32-x64\jre\21.0.10-win32-x86_64\bin\extnet.dll

JVMTI agents:
c:\Users\hhamz\.antigravity\extensions\redhat.java-1.53.0-win32-x64\lombok\lombok-1.18.39-4050.jar path:c:\Users\hhamz\.antigravity\extensions\redhat.java-1.53.0-win32-x64\jre\21.0.10-win32-x86_64\bin\instrument.dll, loaded, initialized, instrumentlib options:none

dbghelp: loaded successfully - version: 4.0.5 - missing functions: none
symbol engine: initialized successfully - sym options: 0x614 - pdb path: .;c:\Users\hhamz\.antigravity\extensions\redhat.java-1.53.0-win32-x64\jre\21.0.10-win32-x86_64\bin;C:\WINDOWS\SYSTEM32;C:\WINDOWS\WinSxS\amd64_microsoft.windows.common-controls_6595b64144ccf1df_6.0.26100.8037_none_3e092faae333b53b;c:\Users\hhamz\.antigravity\extensions\redhat.java-1.53.0-win32-x64\jre\21.0.10-win32-x86_64\bin\server;C:\Users\hhamz\AppData\Roaming\Antigravity\User\globalStorage\redhat.java\1.53.0\config_win\org.eclipse.equinox.launcher\org.eclipse.equinox.launcher.win32.win32.x86_64_1.3.0.v20260203-2149;C:\Users\hhamz\AppData\Local\Temp\jna-99241166

VM Arguments:
jvm_args: --add-modules=ALL-SYSTEM --add-opens=java.base/java.util=ALL-UNNAMED --add-opens=java.base/java.lang=ALL-UNNAMED --add-opens=java.base/sun.nio.fs=ALL-UNNAMED -Declipse.application=org.eclipse.jdt.ls.core.id1 -Dosgi.bundles.defaultStartLevel=4 -Declipse.product=org.eclipse.jdt.ls.core.product -Djava.import.generatesMetadataFilesAtProjectRoot=false -DDetectVMInstallationsJob.disabled=true -Dfile.encoding=utf8 -XX:+UseParallelGC -XX:GCTimeRatio=4 -XX:AdaptiveSizePolicyWeight=90 -Dsun.zip.disableMemoryMapping=true -Xmx2G -Xms100m -Xlog:disable -javaagent:c:\Users\hhamz\.antigravity\extensions\redhat.java-1.53.0-win32-x64\lombok\lombok-1.18.39-4050.jar -XX:+HeapDumpOnOutOfMemoryError -XX:HeapDumpPath=c:\Users\hhamz\AppData\Roaming\Antigravity\User\workspaceStorage\92ca1c81778050ce67e931c1101cb69e\redhat.java -Daether.dependencyCollector.impl=bf 
java_command: c:\Users\hhamz\.antigravity\extensions\redhat.java-1.53.0-win32-x64\server\plugins\org.eclipse.equinox.launcher_1.7.100.v20251111-0406.jar -configuration c:\Users\hhamz\AppData\Roaming\Antigravity\User\globalStorage\redhat.java\1.53.0\config_win -data c:\Users\hhamz\AppData\Roaming\Antigravity\User\workspaceStorage\92ca1c81778050ce67e931c1101cb69e\redhat.java\jdt_ws --pipe=\\.\pipe\lsp-48b10f6dc94f1a785e8accdc8ab7b910-sock
java_class_path (initial): c:\Users\hhamz\.antigravity\extensions\redhat.java-1.53.0-win32-x64\server\plugins\org.eclipse.equinox.launcher_1.7.100.v20251111-0406.jar
Launcher Type: SUN_STANDARD

[Global flags]
    uintx AdaptiveSizePolicyWeight                 = 90                                        {product} {command line}
     intx CICompilerCount                          = 12                                        {product} {ergonomic}
    uintx GCTimeRatio                              = 4                                         {product} {command line}
     bool HeapDumpOnOutOfMemoryError               = true                                   {manageable} {command line}
    ccstr HeapDumpPath                             = c:\Users\hhamz\AppData\Roaming\Antigravity\User\workspaceStorage\92ca1c81778050ce67e931c1101cb69e\redhat.java         {manageable} {command line}
   size_t InitialHeapSize                          = 104857600                                 {product} {command line}
   size_t MaxHeapSize                              = 2147483648                                {product} {command line}
   size_t MaxNewSize                               = 715653120                                 {product} {ergonomic}
   size_t MinHeapDeltaBytes                        = 524288                                    {product} {ergonomic}
   size_t MinHeapSize                              = 104857600                                 {product} {command line}
   size_t NewSize                                  = 34603008                                  {product} {ergonomic}
    uintx NonNMethodCodeHeapSize                   = 7602480                                {pd product} {ergonomic}
    uintx NonProfiledCodeHeapSize                  = 122027880                              {pd product} {ergonomic}
   size_t OldSize                                  = 70254592                                  {product} {ergonomic}
    uintx ProfiledCodeHeapSize                     = 122027880                              {pd product} {ergonomic}
    uintx ReservedCodeCacheSize                    = 251658240                              {pd product} {ergonomic}
     bool SegmentedCodeCache                       = true                                      {product} {ergonomic}
   size_t SoftMaxHeapSize                          = 2147483648                             {manageable} {ergonomic}
     bool UseCompressedOops                        = true                           {product lp64_product} {ergonomic}
     bool UseLargePagesIndividualAllocation        = false                                  {pd product} {ergonomic}
     bool UseParallelGC                            = true                                      {product} {command line}

Logging:
Log output configuration:
 #0: stdout all=off uptime,level,tags foldmultilines=false
 #1: stderr all=off uptime,level,tags foldmultilines=false

Release file:
JAVA_VERSION="21.0.10" 
MODULES="java.base java.compiler java.datatransfer java.xml java.prefs java.desktop java.instrument java.logging java.management java.security.sasl java.naming java.rmi java.management.rmi java.net.http java.scripting java.security.jgss java.transaction.xa java.sql java.sql.rowset java.xml.crypto java.se java.smartcardio jdk.accessibility jdk.internal.jvmstat jdk.attach jdk.charsets jdk.internal.opt jdk.zipfs jdk.compiler jdk.crypto.ec jdk.crypto.cryptoki jdk.crypto.mscapi jdk.dynalink jdk.internal.ed jdk.editpad jdk.hotspot.agent jdk.httpserver jdk.internal.le jdk.internal.vm.ci jdk.internal.vm.compiler jdk.internal.vm.compiler.management jdk.jartool jdk.javadoc jdk.jcmd jdk.management jdk.management.agent jdk.jconsole jdk.jdeps jdk.jdwp.agent jdk.jdi jdk.jfr jdk.jshell jdk.jsobject jdk.jstatd jdk.localedata jdk.management.jfr jdk.naming.dns jdk.naming.rmi jdk.net jdk.nio.mapmode jdk.random jdk.sctp jdk.security.auth jdk.security.jgss jdk.unsupported jdk.unsupported.desktop jdk.xml.dom" 

Environment Variables:
JAVA_HOME=C:\Program Files\Java\jdk-17
PATH=C:\Program Files (x86)\VMware\VMware Workstation\bin\;C:\Users\hhamz\OneDrive\Desktop\apache-cassandra-5.0.4\bin;C:\Program Files\Common Files\Oracle\Java\javapath;C:\WINDOWS\system32;C:\WINDOWS;C:\WINDOWS\System32\Wbem;C:\WINDOWS\System32\WindowsPowerShell\v1.0\;C:\WINDOWS\System32\OpenSSH\;C:\Program Files (x86)\NVIDIA Corporation\PhysX\Common;C:\WINDOWS\system32;C:\WINDOWS;C:\WINDOWS\System32\Wbem;C:\WINDOWS\System32\WindowsPowerShell\v1.0\;C:\WINDOWS\System32\OpenSSH\;C:\Program Files\Git\cmd;C:\Program Files\NVIDIA Corporation\NVIDIA app\NvDLISR;C:\Users\hhamz\OneDrive\Desktop\mongodb-win32-x86_64-windows-8.0.4\bin;C:\Users\hhamz\OneDrive\Desktop\mongosh-2.3.9-win32-x64\bin;C:\Program Files\MySQL\MySQL Shell 8.0\bin\;C:\Users\hhamz\AppData\Local\Microsoft\WindowsApps;C:\Users\hhamz\AppData\Local\Programs\Microsoft VS Code\bin;C:\xampp\php;C:\ProgramData\ComposerSetup\bin;C:\Program Files\dotnet\;C:\Program Files\nodejs\;C:\Program Files\Docker\Docker\resources\bin;C:\Program Files\wkhtmltopdf\bin;C:\Program Files\Java\jdk-17;C:\Users\hhamz\AppData\Local\Programs\Python\Launcher\;C:\Program Files\Java\jdk-17\bin;C:\Program Files (x86)\VMware\VMware Workstation\bin\;C:\Users\hhamz\OneDrive\Desktop\apache-cassandra-5.0.4\bin;C:\Program Files\Common Files\Oracle\Java\javapath;C:\WINDOWS\system32;C:\WINDOWS;C:\WINDOWS\System32\Wbem;C:\WINDOWS\System32\WindowsPowerShell\v1.0\;C:\WINDOWS\System32\OpenSSH\;C:\Program Files (x86)\NVIDIA Corporation\PhysX\Common;C:\WINDOWS\system32;C:\WINDOWS;C:\WINDOWS\System32\Wbem;C:\WINDOWS\System32\WindowsPowerShell\v1.0\;C:\WINDOWS\System32\OpenSSH\;C:\Program Files\Git\cmd;C:\Program Files\NVIDIA Corporation\NVIDIA app\NvDLISR;C:\Users\hhamz\OneDrive\Desktop\mongodb-win32-x86_64-windows-8.0.4\bin;C:\Users\hhamz\OneDrive\Desktop\mongosh-2.3.9-win32-x64\bin;C:\Program Files\MySQL\MySQL Shell 8.0\bin\;C:\Users\hhamz\AppData\Local\Microsoft\WindowsApps;C:\Users\hhamz\AppData\Local\Programs\Microsoft VS Code\bin;C:\xampp\php;C:\ProgramData\ComposerSetup\bin;C:\Program Files\dotnet\;C:\Program Files\nodejs\;C:\Program Files (x86)\VMware\VMware Workstation\bi;C:\Program Files\wkhtmltopdf\bin;C:\Users\hhamz\npm-global;C:\Users\hhamz\AppData\Local\Programs\Windsurf\bin;C:\Users\hhamz\AppData\Local\Programs\Antigravity\bin;C:\Users\hhamz\AppData\Local\GitHubDesktop\bin
USERNAME=hhamz
OS=Windows_NT
PROCESSOR_IDENTIFIER=Intel64 Family 6 Model 154 Stepping 3, GenuineIntel
TMP=C:\Users\hhamz\AppData\Local\Temp
TEMP=C:\Users\hhamz\AppData\Local\Temp




Periodic native trim disabled

---------------  S Y S T E M  ---------------

OS:
 Windows 11 , 64 bit Build 26100 (10.0.26100.7920)
OS uptime: 4 days 12:07 hours
Hyper-V role detected

CPU: total 20 (initial active 20) (10 cores per cpu, 2 threads per core) family 6 model 154 stepping 3 microcode 0x42c, cx8, cmov, fxsr, ht, mmx, 3dnowpref, sse, sse2, sse3, ssse3, sse4.1, sse4.2, popcnt, lzcnt, tsc, tscinvbit, avx, avx2, aes, erms, clmul, bmi1, bmi2, adx, sha, fma, vzeroupper, clflush, clflushopt, clwb, hv, serialize, rdtscp, rdpid, fsrm, f16c, cet_ibt, cet_ss
Processor Information for processor 0
  Max Mhz: 2300, Current Mhz: 2300, Mhz Limit: 2300
Processor Information for processor 1
  Max Mhz: 2300, Current Mhz: 2300, Mhz Limit: 2300
Processor Information for processor 2
  Max Mhz: 2300, Current Mhz: 2300, Mhz Limit: 2300
Processor Information for processor 3
  Max Mhz: 2300, Current Mhz: 2300, Mhz Limit: 2300
Processor Information for processor 4
  Max Mhz: 2300, Current Mhz: 2300, Mhz Limit: 2300
Processor Information for processor 5
  Max Mhz: 2300, Current Mhz: 2300, Mhz Limit: 2300
Processor Information for processor 6
  Max Mhz: 2300, Current Mhz: 2300, Mhz Limit: 2300
Processor Information for processor 7
  Max Mhz: 2300, Current Mhz: 2300, Mhz Limit: 2300
Processor Information for processor 8
  Max Mhz: 2300, Current Mhz: 2300, Mhz Limit: 2300
Processor Information for processor 9
  Max Mhz: 2300, Current Mhz: 2300, Mhz Limit: 2300
Processor Information for processor 10
  Max Mhz: 2300, Current Mhz: 2300, Mhz Limit: 2300
Processor Information for processor 11
  Max Mhz: 2300, Current Mhz: 2300, Mhz Limit: 2300
Processor Information for processor 12
  Max Mhz: 2300, Current Mhz: 1700, Mhz Limit: 1679
Processor Information for processor 13
  Max Mhz: 2300, Current Mhz: 1700, Mhz Limit: 1679
Processor Information for processor 14
  Max Mhz: 2300, Current Mhz: 1700, Mhz Limit: 1679
Processor Information for processor 15
  Max Mhz: 2300, Current Mhz: 1700, Mhz Limit: 1679
Processor Information for processor 16
  Max Mhz: 2300, Current Mhz: 1700, Mhz Limit: 1679
Processor Information for processor 17
  Max Mhz: 2300, Current Mhz: 1700, Mhz Limit: 1679
Processor Information for processor 18
  Max Mhz: 2300, Current Mhz: 1700, Mhz Limit: 1679
Processor Information for processor 19
  Max Mhz: 2300, Current Mhz: 1700, Mhz Limit: 1679

Memory: 4k page, system-wide physical 16051M (1073M free)
TotalPageFile size 40287M (AvailPageFile size 0M)
current process WorkingSet (physical memory assigned to process): 287M, peak: 1251M
current process commit charge ("private bytes"): 1811M, peak: 1847M

vm_info: OpenJDK 64-Bit Server VM (21.0.10+7-LTS) for windows-amd64 JRE (21.0.10+7-LTS), built on 2026-01-20T00:00:00Z by "admin" with MS VC++ 17.12 (VS2022)

END.
