[INFO] Scanning for projects...
[WARNING] 
[WARNING] Some problems were encountered while building the effective model for ma.smartsupply:SmartSupply:jar:0.0.1-SNAPSHOT
[WARNING] 'dependencies.dependency.(groupId:artifactId:type:classifier)' must be unique: org.springframework.boot:spring-boot-starter-security:jar -> duplicate declaration of version (?) @ line 52, column 21
[WARNING] 
[WARNING] It is highly recommended to fix these problems because they threaten the stability of your build.
[WARNING] 
[WARNING] For this reason, future Maven versions might no longer support building such malformed projects.
[WARNING] 
[INFO] 
[INFO] ---------------------< ma.smartsupply:SmartSupply >---------------------
[INFO] Building SmartSupply 0.0.1-SNAPSHOT
[INFO]   from pom.xml
[INFO] --------------------------------[ jar ]---------------------------------
[INFO] 
[INFO] --- clean:3.5.0:clean (default-clean) @ SmartSupply ---
[INFO] Deleting C:\Users\hhamz\OneDrive\Desktop\BackendSS\project-smart-supply\target
[INFO] 
[INFO] --- resources:3.3.1:resources (default-resources) @ SmartSupply ---
[INFO] Copying 1 resource from src\main\resources to target\classes
[INFO] Copying 0 resource from src\main\resources to target\classes
[INFO] 
[INFO] --- compiler:3.14.1:compile (default-compile) @ SmartSupply ---
[INFO] Recompiling the module because of changed source code.
[INFO] Compiling 60 source files with javac [debug parameters release 17] to target\classes
[WARNING] /C:/Users/hhamz/OneDrive/Desktop/BackendSS/project-smart-supply/src/main/java/ma/smartsupply/model/Produit.java:[27,21] @Builder will ignore the initializing expression entirely. If you want the initializing expression to serve as default, add @Builder.Default. If it is not supposed to be settable during building, make the field final.
[WARNING] /C:/Users/hhamz/OneDrive/Desktop/BackendSS/project-smart-supply/src/main/java/ma/smartsupply/model/Client.java:[33,31] @SuperBuilder will ignore the initializing expression entirely. If you want the initializing expression to serve as default, add @Builder.Default. If it is not supposed to be settable during building, make the field final.
[WARNING] /C:/Users/hhamz/OneDrive/Desktop/BackendSS/project-smart-supply/src/main/java/ma/smartsupply/model/Commande.java:[33,33] @Builder will ignore the initializing expression entirely. If you want the initializing expression to serve as default, add @Builder.Default. If it is not supposed to be settable during building, make the field final.
[INFO] /C:/Users/hhamz/OneDrive/Desktop/BackendSS/project-smart-supply/src/main/java/ma/smartsupply/security/JwtAuthenticationFilter.java: C:\Users\hhamz\OneDrive\Desktop\BackendSS\project-smart-supply\src\main\java\ma\smartsupply\security\JwtAuthenticationFilter.java uses or overrides a deprecated API.
[INFO] /C:/Users/hhamz/OneDrive/Desktop/BackendSS/project-smart-supply/src/main/java/ma/smartsupply/security/JwtAuthenticationFilter.java: Recompile with -Xlint:deprecation for details.
[INFO] ------------------------------------------------------------------------
[INFO] BUILD SUCCESS
[INFO] ------------------------------------------------------------------------
[INFO] Total time:  4.352 s
[INFO] Finished at: 2026-03-04T22:59:26Z
[INFO] ------------------------------------------------------------------------
